0 info it worked if it ends with ok
1 verbose cli [ 'C:\\Program Files (x86)\\nodejs\\node.exe',
1 verbose cli   'C:\\Program Files (x86)\\nodejs\\node_modules\\npm\\bin\\npm-cli.js',
1 verbose cli   'run',
1 verbose cli   'tsc' ]
2 info using npm@3.9.5
3 info using node@v6.2.2
4 verbose run-script [ 'pretsc', 'tsc', 'posttsc' ]
5 info lifecycle morris.js@0.5.1~pretsc: morris.js@0.5.1
6 silly lifecycle morris.js@0.5.1~pretsc: no script for pretsc, continuing
7 info lifecycle morris.js@0.5.1~tsc: morris.js@0.5.1
8 verbose lifecycle morris.js@0.5.1~tsc: unsafe-perm in lifecycle true
9 verbose lifecycle morris.js@0.5.1~tsc: PATH: C:\Program Files (x86)\nodejs\node_modules\npm\bin\node-gyp-bin;D:\Projekty\TypeScript\Morris\node_modules\.bin;C:\Program Files (x86)\nodejs;C:\Program Files (x86)\PHP\v5.6;C:\Program Files (x86)\EasyPHP-DevServer-14.1VC11\binaries\php\php_runningversion;C:\ProgramData\Oracle\Java\javapath;C:\Program Files (x86)\Intel\iCLS Client\;C:\Program Files\Intel\iCLS Client\;C:\Windows\system32;C:\Windows;C:\Windows\System32\Wbem;C:\Windows\System32\WindowsPowerShell\v1.0\;C:\Program Files\Intel\Intel(R) Management Engine Components\DAL;C:\Program Files\Intel\Intel(R) Management Engine Components\IPT;C:\Program Files (x86)\Intel\Intel(R) Management Engine Components\DAL;C:\Program Files (x86)\Intel\Intel(R) Management Engine Components\IPT;C:\Program Files (x86)\Windows Kits\8.1\Windows Performance Toolkit\;C:\Program Files\Microsoft SQL Server\110\Tools\Binn\;C:\Program Files (x86)\Micros;C:\Program Files (x86)\Skype\Phone\;C:\Program Files\Microsoft DNX\Dnvm\;C:\Program Files\Microsoft SQL Server\120\DTS\Binn\;C:\Program Files\Microsoft SQL Server\Client SDK\ODBC\110\Tools\Binn\;C:\Program Files (x86)\Microsoft SQL Server\120\Tools\Binn\;C:\Program Files\Microsoft SQL Server\120\Tools\Binn\;C:\Program Files (x86)\Microsoft SQL Server\120\Tools\Binn\ManagementStudio\;C:\Program Files (x86)\Microsoft SQL Server\120\DTS\Binn\;C:\Program Files\Microsoft SQL Server\130\Tools\Binn\;C:\Program Files\dotnet\;C:\Program Files (x86)\Microsoft SDKs\Azure\CLI\wbin;C:\Program Files (x86)\nodejs\;C:\Program Files\Git\cmd;C:\Users\Rav\.dnx\bin;C:\Ruby200-x64\bin;C:\ProgramData\chocolatey\bin;C:\Users\Rav\AppData\Local\atom\bin;C:\Program Files (x86)\Microsoft VS Code\bin;C:\Users\Rav\AppData\Roaming\npm;C:\Program Files (x86)\nodejs
10 verbose lifecycle morris.js@0.5.1~tsc: CWD: D:\Projekty\TypeScript\Morris
11 silly lifecycle morris.js@0.5.1~tsc: Args: [ '/d /s /c', 'tsc' ]
12 silly lifecycle morris.js@0.5.1~tsc: Returned: code: 2  signal: null
13 info lifecycle morris.js@0.5.1~tsc: Failed to exec tsc script
14 verbose stack Error: morris.js@0.5.1 tsc: `tsc`
14 verbose stack Exit status 2
14 verbose stack     at EventEmitter.<anonymous> (C:\Program Files (x86)\nodejs\node_modules\npm\lib\utils\lifecycle.js:245:16)
14 verbose stack     at emitTwo (events.js:106:13)
14 verbose stack     at EventEmitter.emit (events.js:191:7)
14 verbose stack     at ChildProcess.<anonymous> (C:\Program Files (x86)\nodejs\node_modules\npm\lib\utils\spawn.js:24:14)
14 verbose stack     at emitTwo (events.js:106:13)
14 verbose stack     at ChildProcess.emit (events.js:191:7)
14 verbose stack     at maybeClose (internal/child_process.js:852:16)
14 verbose stack     at Process.ChildProcess._handle.onexit (internal/child_process.js:215:5)
15 verbose pkgid morris.js@0.5.1
16 verbose cwd D:\Projekty\TypeScript\Morris
17 error Windows_NT 10.0.10586
18 error argv "C:\\Program Files (x86)\\nodejs\\node.exe" "C:\\Program Files (x86)\\nodejs\\node_modules\\npm\\bin\\npm-cli.js" "run" "tsc"
19 error node v6.2.2
20 error npm  v3.9.5
21 error code ELIFECYCLE
22 error morris.js@0.5.1 tsc: `tsc`
22 error Exit status 2
23 error Failed at the morris.js@0.5.1 tsc script 'tsc'.
23 error Make sure you have the latest version of node.js and npm installed.
23 error If you do, this is most likely a problem with the morris.js package,
23 error not with npm itself.
23 error Tell the author that this fails on your system:
23 error     tsc
23 error You can get information on how to open an issue for this project with:
23 error     npm bugs morris.js
23 error Or if that isn't available, you can get their info via:
23 error     npm owner ls morris.js
23 error There is likely additional logging output above.
24 verbose exit [ 1, true ]
